<?xml version="1.0" encoding="UTF-8"?>
<!-- Generated by org.testng.reporters.JUnitReportReporter -->
<testsuite hostname="asus" failures="0" tests="1" name="com.ekartrh.tests.End2End_Ecomm" time="6.810" errors="0" timestamp="2024-10-06T18:01:44 IST" skipped="0">
  <testcase classname="com.ekartrh.tests.End2End_Ecomm" name="submitOrderTest" time="6.810"/>
  <system-out/>
</testsuite> <!-- com.ekartrh.tests.End2End_Ecomm -->
