<?xml version="1.0" encoding="UTF-8"?>
<!-- Generated by org.testng.reporters.JUnitReportReporter -->
<testsuite hostname="asus" failures="0" tests="1" name="E2E_Ecomm.End2End_Ecomm" time="6.609" errors="0" timestamp="2024-10-06T16:39:19 IST" skipped="0">
  <testcase classname="E2E_Ecomm.End2End_Ecomm" name="sample" time="6.609"/>
  <system-out/>
</testsuite> <!-- E2E_Ecomm.End2End_Ecomm -->
