<?xml version="1.0" encoding="UTF-8"?>
<!-- Generated by org.testng.reporters.JUnitReportReporter -->
<testsuite hostname="asus" failures="0" tests="1" name="LaunchEcomWebsite" time="6.225" errors="0" timestamp="2024-09-29T09:17:10 IST" skipped="0">
  <testcase classname="LaunchEcomWebsite" name="sample" time="6.225"/>
</testsuite> <!-- LaunchEcomWebsite -->
