<?xml version="1.0" encoding="UTF-8"?>
<!-- Generated by org.testng.reporters.JUnitReportReporter -->
<testsuite hostname="asus" failures="0" tests="1" name="com.ekartrh.tests.ErrorValidationsTest" time="22.724" errors="0" timestamp="2024-11-23T20:59:46 IST" skipped="0">
  <testcase classname="com.ekartrh.tests.ErrorValidationsTest" name="loginValidation" time="22.724"/>
  <system-out/>
</testsuite> <!-- com.ekartrh.tests.ErrorValidationsTest -->
