<?xml version="1.0" encoding="UTF-8"?>
<!-- Generated by org.testng.reporters.JUnitReportReporter -->
<testsuite hostname="asus" failures="0" tests="3" name="com.ekartrh.tests.SubmitOrderTest" time="14.356" errors="0" timestamp="2024-10-24T17:03:49 IST" skipped="0">
  <testcase classname="com.ekartrh.tests.SubmitOrderTest" name="OrdersHistoryTest" time="2.502"/>
  <system-out/>
  <testcase classname="com.ekartrh.tests.SubmitOrderTest" name="submitOrder" time="6.344"/>
  <system-out/>
  <testcase classname="com.ekartrh.tests.SubmitOrderTest" name="submitOrder" time="5.510"/>
  <system-out/>
</testsuite> <!-- com.ekartrh.tests.SubmitOrderTest -->
