<?xml version="1.0" encoding="UTF-8"?>
<!-- Generated by org.testng.reporters.JUnitReportReporter -->
<testsuite hostname="asus" failures="0" tests="3" name="com.ekartrh.tests.SubmitOrderTest" time="21.919" errors="0" timestamp="2024-11-03T17:50:14 IST" skipped="0">
  <testcase classname="com.ekartrh.tests.SubmitOrderTest" name="OrdersHistoryTest" time="9.929"/>
  <testcase classname="com.ekartrh.tests.SubmitOrderTest" name="submitOrder" time="5.763"/>
  <testcase classname="com.ekartrh.tests.SubmitOrderTest" name="submitOrder" time="6.227"/>
</testsuite> <!-- com.ekartrh.tests.SubmitOrderTest -->
